<?xml version="1.0" encoding="UTF-8"?>
<!-- Generated by org.testng.reporters.JUnitReportReporter -->
<testsuite skipped="0" hostname="DIN13002296" name="com.projectname.qa.testcases.HomepageTest" tests="4" failures="0" timestamp="15 May 2019 06:07:46 GMT" time="43.802" errors="0">
  <testcase name="validatehotelpageTest" time="10.114" classname="com.projectname.qa.testcases.HomepageTest"/>
  <testcase name="validateofferTest" time="12.369" classname="com.projectname.qa.testcases.HomepageTest"/>
  <testcase name="validateblogTest" time="11.444" classname="com.projectname.qa.testcases.HomepageTest"/>
  <testcase name="validatetitleofpageTest" time="9.875" classname="com.projectname.qa.testcases.HomepageTest"/>
</testsuite> <!-- com.projectname.qa.testcases.HomepageTest -->
