<?xml version="1.0" encoding="UTF-8"?>
<!-- Generated by org.testng.reporters.JUnitReportReporter -->
<testsuite skipped="0" hostname="DIN13002296" name="com.projectname.qa.testcases.LoginpageTest" tests="2" failures="0" timestamp="10 May 2019 08:54:55 GMT" time="20.959" errors="0">
  <testcase name="validateLoginPageTitleTest" time="10.544" classname="com.projectname.qa.testcases.LoginpageTest"/>
  <testcase name="validateimageTest" time="10.415" classname="com.projectname.qa.testcases.LoginpageTest"/>
</testsuite> <!-- com.projectname.qa.testcases.LoginpageTest -->
